{"/Users/yuyi/code/mocha-vue3-system/src/utils/permission.ts": {"path":"/Users/yuyi/code/mocha-vue3-system/src/utils/permission.ts","statementMap":{"0":{"start":{"line":27,"column":16},"end":{"line":27,"column":53}},"1":{"start":{"line":31,"column":18},"end":{"line":31,"column":32}},"2":{"start":{"line":32,"column":2},"end":{"line":32,"column":null}},"3":{"start":{"line":37,"column":2},"end":{"line":46,"column":null}},"4":{"start":{"line":38,"column":4},"end":{"line":42,"column":null}},"5":{"start":{"line":39,"column":6},"end":{"line":39,"column":null}},"6":{"start":{"line":41,"column":6},"end":{"line":41,"column":null}},"7":{"start":{"line":43,"column":4},"end":{"line":45,"column":null}},"8":{"start":{"line":44,"column":6},"end":{"line":44,"column":null}},"9":{"start":{"line":47,"column":2},"end":{"line":47,"column":null}},"10":{"start":{"line":52,"column":18},"end":{"line":52,"column":32}},"11":{"start":{"line":53,"column":2},"end":{"line":55,"column":null}},"12":{"start":{"line":53,"column":26},"end":{"line":53,"column":null}},"13":{"start":{"line":54,"column":7},"end":{"line":55,"column":null}},"14":{"start":{"line":54,"column":52},"end":{"line":54,"column":null}},"15":{"start":{"line":55,"column":7},"end":{"line":55,"column":null}},"16":{"start":{"line":59,"column":2},"end":{"line":59,"column":null}},"17":{"start":{"line":61,"column":2},"end":{"line":71,"column":null}},"18":{"start":{"line":62,"column":4},"end":{"line":64,"column":null}},"19":{"start":{"line":63,"column":6},"end":{"line":63,"column":null}},"20":{"start":{"line":65,"column":4},"end":{"line":70,"column":null}},"21":{"start":{"line":67,"column":39},"end":{"line":67,"column":89}},"22":{"start":{"line":69,"column":6},"end":{"line":69,"column":null}},"23":{"start":{"line":72,"column":2},"end":{"line":72,"column":null}},"24":{"start":{"line":76,"column":18},"end":{"line":76,"column":32}},"25":{"start":{"line":77,"column":25},"end":{"line":77,"column":61}},"26":{"start":{"line":79,"column":41},"end":{"line":79,"column":43}},"27":{"start":{"line":81,"column":2},"end":{"line":83,"column":null}},"28":{"start":{"line":82,"column":4},"end":{"line":82,"column":null}},"29":{"start":{"line":85,"column":2},"end":{"line":88,"column":null}},"30":{"start":{"line":86,"column":22},"end":{"line":86,"column":48}},"31":{"start":{"line":87,"column":4},"end":{"line":87,"column":null}},"32":{"start":{"line":89,"column":2},"end":{"line":89,"column":null}},"33":{"start":{"line":89,"column":34},"end":{"line":89,"column":54}},"34":{"start":{"line":90,"column":2},"end":{"line":90,"column":null}}},"fnMap":{"0":{"name":"getBackAsyncRoutes","decl":{"start":{"line":30,"column":15},"end":{"line":30,"column":33}},"loc":{"start":{"line":30,"column":33},"end":{"line":33,"column":1}}},"1":{"name":"formatAsyncRoutes","decl":{"start":{"line":36,"column":9},"end":{"line":36,"column":26}},"loc":{"start":{"line":36,"column":40},"end":{"line":48,"column":1}}},"2":{"name":"(anonymous_2)","decl":{"start":{"line":37,"column":17},"end":{"line":37,"column":18}},"loc":{"start":{"line":37,"column":23},"end":{"line":46,"column":3}}},"3":{"name":"filterRoute","decl":{"start":{"line":51,"column":9},"end":{"line":51,"column":20}},"loc":{"start":{"line":51,"column":42},"end":{"line":56,"column":1}}},"4":{"name":"filterFunc","decl":{"start":{"line":58,"column":9},"end":{"line":58,"column":19}},"loc":{"start":{"line":58,"column":44},"end":{"line":73,"column":1}}},"5":{"name":"(anonymous_5)","decl":{"start":{"line":61,"column":17},"end":{"line":61,"column":18}},"loc":{"start":{"line":61,"column":29},"end":{"line":71,"column":3}}},"6":{"name":"(anonymous_6)","decl":{"start":{"line":67,"column":30},"end":{"line":67,"column":31}},"loc":{"start":{"line":67,"column":39},"end":{"line":67,"column":89}}},"7":{"name":"addAsyncRoutes","decl":{"start":{"line":75,"column":22},"end":{"line":75,"column":36}},"loc":{"start":{"line":75,"column":48},"end":{"line":91,"column":1}}},"8":{"name":"(anonymous_8)","decl":{"start":{"line":89,"column":25},"end":{"line":89,"column":26}},"loc":{"start":{"line":89,"column":34},"end":{"line":89,"column":54}}}},"branchMap":{"0":{"loc":{"start":{"line":38,"column":4},"end":{"line":42,"column":null}},"type":"if","locations":[{"start":{"line":38,"column":4},"end":{"line":42,"column":null}},{"start":{"line":40,"column":11},"end":{"line":42,"column":null}}]},"1":{"loc":{"start":{"line":38,"column":8},"end":{"line":38,"column":48}},"type":"binary-expr","locations":[{"start":{"line":38,"column":8},"end":{"line":38,"column":32}},{"start":{"line":38,"column":36},"end":{"line":38,"column":48}}]},"2":{"loc":{"start":{"line":43,"column":4},"end":{"line":45,"column":null}},"type":"if","locations":[{"start":{"line":43,"column":4},"end":{"line":45,"column":null}}]},"3":{"loc":{"start":{"line":43,"column":8},"end":{"line":43,"column":43}},"type":"binary-expr","locations":[{"start":{"line":43,"column":8},"end":{"line":43,"column":18}},{"start":{"line":43,"column":22},"end":{"line":43,"column":43}}]},"4":{"loc":{"start":{"line":53,"column":2},"end":{"line":55,"column":null}},"type":"if","locations":[{"start":{"line":53,"column":2},"end":{"line":55,"column":null}},{"start":{"line":54,"column":7},"end":{"line":55,"column":null}}]},"5":{"loc":{"start":{"line":54,"column":7},"end":{"line":55,"column":null}},"type":"if","locations":[{"start":{"line":54,"column":7},"end":{"line":55,"column":null}},{"start":{"line":55,"column":7},"end":{"line":55,"column":null}}]},"6":{"loc":{"start":{"line":62,"column":4},"end":{"line":64,"column":null}},"type":"if","locations":[{"start":{"line":62,"column":4},"end":{"line":64,"column":null}}]},"7":{"loc":{"start":{"line":65,"column":4},"end":{"line":70,"column":null}},"type":"if","locations":[{"start":{"line":65,"column":4},"end":{"line":70,"column":null}}]},"8":{"loc":{"start":{"line":66,"column":6},"end":{"line":67,"column":90}},"type":"binary-expr","locations":[{"start":{"line":66,"column":6},"end":{"line":66,"column":22}},{"start":{"line":67,"column":6},"end":{"line":67,"column":90}}]},"9":{"loc":{"start":{"line":81,"column":2},"end":{"line":83,"column":null}},"type":"if","locations":[{"start":{"line":81,"column":2},"end":{"line":83,"column":null}}]},"10":{"loc":{"start":{"line":85,"column":2},"end":{"line":88,"column":null}},"type":"if","locations":[{"start":{"line":85,"column":2},"end":{"line":88,"column":null}}]}},"s":{"0":0,"1":0,"2":0,"3":0,"4":0,"5":0,"6":0,"7":0,"8":0,"9":0,"10":0,"11":0,"12":0,"13":0,"14":0,"15":0,"16":0,"17":0,"18":0,"19":0,"20":0,"21":0,"22":0,"23":0,"24":0,"25":0,"26":0,"27":0,"28":0,"29":0,"30":0,"31":0,"32":0,"33":0,"34":0},"f":{"0":0,"1":0,"2":0,"3":0,"4":0,"5":0,"6":0,"7":0,"8":0},"b":{"0":[0,0],"1":[0,0],"2":[0],"3":[0,0],"4":[0,0],"5":[0,0],"6":[0],"7":[0],"8":[0,0],"9":[0],"10":[0]}}
,"/Users/yuyi/code/mocha-vue3-system/src/utils/sum.ts": {"path":"/Users/yuyi/code/mocha-vue3-system/src/utils/sum.ts","statementMap":{"0":{"start":{"line":12,"column":2},"end":{"line":12,"column":null}},"1":{"start":{"line":14,"column":0},"end":{"line":14,"column":null}}},"fnMap":{"0":{"name":"sum","decl":{"start":{"line":11,"column":9},"end":{"line":11,"column":12}},"loc":{"start":{"line":11,"column":27},"end":{"line":13,"column":1}}}},"branchMap":{},"s":{"0":2,"1":1},"f":{"0":2},"b":{}}
,"/Users/yuyi/code/mocha-vue3-system/src/utils/http/axios.ts": {"path":"/Users/yuyi/code/mocha-vue3-system/src/utils/http/axios.ts","statementMap":{"0":{"start":{"line":14,"column":17},"end":{"line":14,"column":26}},"1":{"start":{"line":17,"column":2},"end":{"line":23,"column":null}},"2":{"start":{"line":27,"column":21},"end":{"line":27,"column":42}},"3":{"start":{"line":28,"column":2},"end":{"line":28,"column":null}},"4":{"start":{"line":29,"column":14},"end":{"line":29,"column":35}},"5":{"start":{"line":30,"column":2},"end":{"line":35,"column":null}},"6":{"start":{"line":31,"column":4},"end":{"line":31,"column":null}},"7":{"start":{"line":32,"column":4},"end":{"line":32,"column":null}},"8":{"start":{"line":34,"column":4},"end":{"line":34,"column":null}},"9":{"start":{"line":38,"column":31},"end":{"line":41,"column":2}},"10":{"start":{"line":43,"column":0},"end":{"line":54,"column":null}},"11":{"start":{"line":45,"column":4},"end":{"line":47,"column":null}},"12":{"start":{"line":46,"column":6},"end":{"line":46,"column":null}},"13":{"start":{"line":48,"column":4},"end":{"line":48,"column":null}},"14":{"start":{"line":51,"column":4},"end":{"line":51,"column":null}},"15":{"start":{"line":52,"column":4},"end":{"line":52,"column":null}},"16":{"start":{"line":56,"column":0},"end":{"line":78,"column":null}},"17":{"start":{"line":57,"column":17},"end":{"line":57,"column":32}},"18":{"start":{"line":58,"column":14},"end":{"line":58,"column":35}},"19":{"start":{"line":59,"column":2},"end":{"line":59,"column":null}},"20":{"start":{"line":61,"column":2},"end":{"line":77,"column":null}},"21":{"start":{"line":62,"column":4},"end":{"line":72,"column":null}},"22":{"start":{"line":63,"column":6},"end":{"line":63,"column":null}},"23":{"start":{"line":65,"column":40},"end":{"line":65,"column":53}},"24":{"start":{"line":67,"column":6},"end":{"line":71,"column":null}},"25":{"start":{"line":68,"column":8},"end":{"line":68,"column":null}},"26":{"start":{"line":70,"column":8},"end":{"line":70,"column":null}},"27":{"start":{"line":74,"column":19},"end":{"line":74,"column":51}},"28":{"start":{"line":76,"column":4},"end":{"line":76,"column":null}},"29":{"start":{"line":81,"column":0},"end":{"line":83,"column":null}},"30":{"start":{"line":82,"column":2},"end":{"line":82,"column":null}}},"fnMap":{"0":{"name":"getRequestKey","decl":{"start":{"line":16,"column":9},"end":{"line":16,"column":22}},"loc":{"start":{"line":16,"column":49},"end":{"line":24,"column":1}}},"1":{"name":"setPendingMap","decl":{"start":{"line":26,"column":9},"end":{"line":26,"column":22}},"loc":{"start":{"line":26,"column":49},"end":{"line":36,"column":1}}},"2":{"name":"(anonymous_2)","decl":{"start":{"line":44,"column":2},"end":{"line":44,"column":3}},"loc":{"start":{"line":44,"column":13},"end":{"line":49,"column":3}}},"3":{"name":"(anonymous_3)","decl":{"start":{"line":50,"column":2},"end":{"line":50,"column":3}},"loc":{"start":{"line":50,"column":24},"end":{"line":53,"column":3}}},"4":{"name":"(anonymous_4)","decl":{"start":{"line":56,"column":34},"end":{"line":56,"column":35}},"loc":{"start":{"line":56,"column":62},"end":{"line":78,"column":1}}},"5":{"name":"(anonymous_5)","decl":{"start":{"line":81,"column":45},"end":{"line":81,"column":46}},"loc":{"start":{"line":81,"column":51},"end":{"line":83,"column":1}}}},"branchMap":{"0":{"loc":{"start":{"line":18,"column":5},"end":{"line":18,"column":24}},"type":"binary-expr","locations":[{"start":{"line":18,"column":5},"end":{"line":18,"column":18}},{"start":{"line":18,"column":22},"end":{"line":18,"column":24}}]},"1":{"loc":{"start":{"line":30,"column":2},"end":{"line":35,"column":null}},"type":"if","locations":[{"start":{"line":30,"column":2},"end":{"line":35,"column":null}},{"start":{"line":33,"column":9},"end":{"line":35,"column":null}}]},"2":{"loc":{"start":{"line":45,"column":4},"end":{"line":47,"column":null}},"type":"if","locations":[{"start":{"line":45,"column":4},"end":{"line":47,"column":null}}]},"3":{"loc":{"start":{"line":61,"column":2},"end":{"line":77,"column":null}},"type":"if","locations":[{"start":{"line":61,"column":2},"end":{"line":77,"column":null}},{"start":{"line":73,"column":9},"end":{"line":77,"column":null}}]},"4":{"loc":{"start":{"line":62,"column":4},"end":{"line":72,"column":null}},"type":"if","locations":[{"start":{"line":62,"column":4},"end":{"line":72,"column":null}},{"start":{"line":64,"column":11},"end":{"line":72,"column":null}}]},"5":{"loc":{"start":{"line":67,"column":6},"end":{"line":71,"column":null}},"type":"if","locations":[{"start":{"line":67,"column":6},"end":{"line":71,"column":null}},{"start":{"line":69,"column":13},"end":{"line":71,"column":null}}]},"6":{"loc":{"start":{"line":70,"column":21},"end":{"line":70,"column":53}},"type":"binary-expr","locations":[{"start":{"line":70,"column":21},"end":{"line":70,"column":28}},{"start":{"line":70,"column":32},"end":{"line":70,"column":53}}]},"7":{"loc":{"start":{"line":82,"column":15},"end":{"line":82,"column":40}},"type":"binary-expr","locations":[{"start":{"line":82,"column":15},"end":{"line":82,"column":34}},{"start":{"line":82,"column":38},"end":{"line":82,"column":40}}]}},"s":{"0":0,"1":0,"2":0,"3":0,"4":0,"5":0,"6":0,"7":0,"8":0,"9":0,"10":0,"11":0,"12":0,"13":0,"14":0,"15":0,"16":0,"17":0,"18":0,"19":0,"20":0,"21":0,"22":0,"23":0,"24":0,"25":0,"26":0,"27":0,"28":0,"29":0,"30":0},"f":{"0":0,"1":0,"2":0,"3":0,"4":0,"5":0},"b":{"0":[0,0],"1":[0,0],"2":[0],"3":[0,0],"4":[0,0],"5":[0,0],"6":[0,0],"7":[0,0]}}
,"/Users/yuyi/code/mocha-vue3-system/src/utils/http/errorHandler.ts": {"path":"/Users/yuyi/code/mocha-vue3-system/src/utils/http/errorHandler.ts","statementMap":{"0":{"start":{"line":4,"column":24},"end":{"line":8,"column":1}},"1":{"start":{"line":5,"column":2},"end":{"line":5,"column":null}},"2":{"start":{"line":5,"column":25},"end":{"line":5,"column":null}},"3":{"start":{"line":6,"column":2},"end":{"line":6,"column":null}},"4":{"start":{"line":6,"column":25},"end":{"line":6,"column":null}},"5":{"start":{"line":7,"column":2},"end":{"line":7,"column":null}},"6":{"start":{"line":11,"column":21},"end":{"line":26,"column":1}},"7":{"start":{"line":12,"column":14},"end":{"line":12,"column":30}},"8":{"start":{"line":14,"column":2},"end":{"line":16,"column":null}},"9":{"start":{"line":15,"column":4},"end":{"line":15,"column":null}},"10":{"start":{"line":17,"column":2},"end":{"line":23,"column":null}},"11":{"start":{"line":18,"column":4},"end":{"line":22,"column":null}},"12":{"start":{"line":24,"column":2},"end":{"line":25,"column":null}}},"fnMap":{"0":{"name":"(anonymous_0)","decl":{"start":{"line":4,"column":24},"end":{"line":4,"column":25}},"loc":{"start":{"line":4,"column":54},"end":{"line":8,"column":1}}},"1":{"name":"(anonymous_1)","decl":{"start":{"line":11,"column":21},"end":{"line":11,"column":22}},"loc":{"start":{"line":11,"column":64},"end":{"line":26,"column":1}}}},"branchMap":{"0":{"loc":{"start":{"line":5,"column":2},"end":{"line":5,"column":null}},"type":"if","locations":[{"start":{"line":5,"column":2},"end":{"line":5,"column":null}}]},"1":{"loc":{"start":{"line":6,"column":2},"end":{"line":6,"column":null}},"type":"if","locations":[{"start":{"line":6,"column":2},"end":{"line":6,"column":null}}]},"2":{"loc":{"start":{"line":11,"column":38},"end":{"line":11,"column":60}},"type":"default-arg","locations":[{"start":{"line":11,"column":53},"end":{"line":11,"column":60}}]},"3":{"loc":{"start":{"line":12,"column":14},"end":{"line":12,"column":30}},"type":"binary-expr","locations":[{"start":{"line":12,"column":14},"end":{"line":12,"column":20}},{"start":{"line":12,"column":24},"end":{"line":12,"column":30}}]},"4":{"loc":{"start":{"line":14,"column":2},"end":{"line":16,"column":null}},"type":"if","locations":[{"start":{"line":14,"column":2},"end":{"line":16,"column":null}}]},"5":{"loc":{"start":{"line":17,"column":2},"end":{"line":23,"column":null}},"type":"if","locations":[{"start":{"line":17,"column":2},"end":{"line":23,"column":null}}]},"6":{"loc":{"start":{"line":24,"column":2},"end":{"line":25,"column":null}},"type":"if","locations":[{"start":{"line":24,"column":2},"end":{"line":25,"column":null}}]}},"s":{"0":0,"1":0,"2":0,"3":0,"4":0,"5":0,"6":0,"7":0,"8":0,"9":0,"10":0,"11":0,"12":0},"f":{"0":0,"1":0},"b":{"0":[0],"1":[0],"2":[0],"3":[0,0],"4":[0],"5":[0],"6":[0]}}
}
