TN:
SF:src/utils/permission.ts
FN:30,getBackAsyncRoutes
FN:36,formatAsyncRoutes
FN:37,(anonymous_2)
FN:51,filterRoute
FN:58,filterFunc
FN:61,(anonymous_5)
FN:67,(anonymous_6)
FN:75,addAsyncRoutes
FN:89,(anonymous_8)
FNF:9
FNH:0
FNDA:0,getBackAsyncRoutes
FNDA:0,formatAsyncRoutes
FNDA:0,(anonymous_2)
FNDA:0,filterRoute
FNDA:0,filterFunc
FNDA:0,(anonymous_5)
FNDA:0,(anonymous_6)
FNDA:0,addAsyncRoutes
FNDA:0,(anonymous_8)
DA:27,0
DA:31,0
DA:32,0
DA:37,0
DA:38,0
DA:39,0
DA:41,0
DA:43,0
DA:44,0
DA:47,0
DA:52,0
DA:53,0
DA:54,0
DA:55,0
DA:59,0
DA:61,0
DA:62,0
DA:63,0
DA:65,0
DA:67,0
DA:69,0
DA:72,0
DA:76,0
DA:77,0
DA:79,0
DA:81,0
DA:82,0
DA:85,0
DA:86,0
DA:87,0
DA:89,0
DA:90,0
LF:32
LH:0
BRDA:38,0,0,0
BRDA:38,0,1,0
BRDA:38,1,0,0
BRDA:38,1,1,0
BRDA:43,2,0,0
BRDA:43,3,0,0
BRDA:43,3,1,0
BRDA:53,4,0,0
BRDA:53,4,1,0
BRDA:54,5,0,0
BRDA:54,5,1,0
BRDA:62,6,0,0
BRDA:65,7,0,0
BRDA:66,8,0,0
BRDA:66,8,1,0
BRDA:81,9,0,0
BRDA:85,10,0,0
BRF:17
BRH:0
end_of_record
TN:
SF:src/utils/sum.ts
FN:11,sum
FNF:1
FNH:1
FNDA:2,sum
DA:12,2
DA:14,1
LF:2
LH:2
BRF:0
BRH:0
end_of_record
TN:
SF:src/utils/http/axios.ts
FN:16,getRequestKey
FN:26,setPendingMap
FN:44,(anonymous_2)
FN:50,(anonymous_3)
FN:56,(anonymous_4)
FN:81,(anonymous_5)
FNF:6
FNH:0
FNDA:0,getRequestKey
FNDA:0,setPendingMap
FNDA:0,(anonymous_2)
FNDA:0,(anonymous_3)
FNDA:0,(anonymous_4)
FNDA:0,(anonymous_5)
DA:14,0
DA:17,0
DA:27,0
DA:28,0
DA:29,0
DA:30,0
DA:31,0
DA:32,0
DA:34,0
DA:38,0
DA:43,0
DA:45,0
DA:46,0
DA:48,0
DA:51,0
DA:52,0
DA:56,0
DA:57,0
DA:58,0
DA:59,0
DA:61,0
DA:62,0
DA:63,0
DA:65,0
DA:67,0
DA:68,0
DA:70,0
DA:74,0
DA:76,0
DA:81,0
DA:82,0
LF:31
LH:0
BRDA:18,0,0,0
BRDA:18,0,1,0
BRDA:30,1,0,0
BRDA:30,1,1,0
BRDA:45,2,0,0
BRDA:61,3,0,0
BRDA:61,3,1,0
BRDA:62,4,0,0
BRDA:62,4,1,0
BRDA:67,5,0,0
BRDA:67,5,1,0
BRDA:70,6,0,0
BRDA:70,6,1,0
BRDA:82,7,0,0
BRDA:82,7,1,0
BRF:15
BRH:0
end_of_record
TN:
SF:src/utils/http/errorHandler.ts
FN:4,(anonymous_0)
FN:11,(anonymous_1)
FNF:2
FNH:0
FNDA:0,(anonymous_0)
FNDA:0,(anonymous_1)
DA:4,0
DA:5,0
DA:6,0
DA:7,0
DA:11,0
DA:12,0
DA:14,0
DA:15,0
DA:17,0
DA:18,0
DA:24,0
LF:11
LH:0
BRDA:5,0,0,0
BRDA:6,1,0,0
BRDA:11,2,0,0
BRDA:12,3,0,0
BRDA:12,3,1,0
BRDA:14,4,0,0
BRDA:17,5,0,0
BRDA:24,6,0,0
BRF:8
BRH:0
end_of_record
